Analysis & Synthesis report for last
Wed Feb 12 23:42:22 2025
Quartus Prime Version 23.1std.1 Build 993 05/14/2024 SC Lite Edition


---------------------
; Table of Contents ;
---------------------
  1. Legal Notice
  2. Analysis & Synthesis Summary
  3. Analysis & Synthesis Settings
  4. Parallel Compilation
  5. Analysis & Synthesis Source Files Read
  6. Analysis & Synthesis Resource Usage Summary
  7. Analysis & Synthesis Resource Utilization by Entity
  8. General Register Statistics
  9. Multiplexer Restructuring Statistics (Restructuring Performed)
 10. Port Connectivity Checks: "sub17x:sub12|borrowX16:bor|borrow:bor1"
 11. Port Connectivity Checks: "XVIbitbrent:brent|gpbit:n0"
 12. Port Connectivity Checks: "bitcomparex16:bitcomp|bitcomparex8:lowdut|bitcomparex4:woldut"
 13. Port Connectivity Checks: "bitcomparex16:bitcomp|bitcomparex8:lowdut|bitcomparex4:lowdut|bitcomparex2:woldut"
 14. Port Connectivity Checks: "bitcomparex16:bitcomp"
 15. Post-Synthesis Netlist Statistics for Top Partition
 16. Elapsed Time Per Partition
 17. Analysis & Synthesis Messages
 18. Analysis & Synthesis Suppressed Messages



----------------
; Legal Notice ;
----------------
Copyright (C) 2024  Intel Corporation. All rights reserved.
Your use of Intel Corporation's design tools, logic functions 
and other software and tools, and any partner logic 
functions, and any output files from any of the foregoing 
(including device programming or simulation files), and any 
associated documentation or information are expressly subject 
to the terms and conditions of the Intel Program License 
Subscription Agreement, the Intel Quartus Prime License Agreement,
the Intel FPGA IP License Agreement, or other applicable license
agreement, including, without limitation, that your use is for
the sole purpose of programming logic devices manufactured by
Intel and sold by Intel or its authorized distributors.  Please
refer to the applicable agreement for further details, at
https://fpgasoftware.intel.com/eula.



+-------------------------------------------------------------------------------------+
; Analysis & Synthesis Summary                                                        ;
+------------------------------------+------------------------------------------------+
; Analysis & Synthesis Status        ; Successful - Wed Feb 12 23:42:22 2025          ;
; Quartus Prime Version              ; 23.1std.1 Build 993 05/14/2024 SC Lite Edition ;
; Revision Name                      ; last                                           ;
; Top-level Entity Name              ; last                                           ;
; Family                             ; MAX 10                                         ;
; Total logic elements               ; 186                                            ;
;     Total combinational functions  ; 186                                            ;
;     Dedicated logic registers      ; 0                                              ;
; Total registers                    ; 0                                              ;
; Total pins                         ; 70                                             ;
; Total virtual pins                 ; 0                                              ;
; Total memory bits                  ; 0                                              ;
; Embedded Multiplier 9-bit elements ; 0                                              ;
; Total PLLs                         ; 0                                              ;
; UFM blocks                         ; 0                                              ;
; ADC blocks                         ; 0                                              ;
+------------------------------------+------------------------------------------------+


+------------------------------------------------------------------------------------------------------------+
; Analysis & Synthesis Settings                                                                              ;
+------------------------------------------------------------------+--------------------+--------------------+
; Option                                                           ; Setting            ; Default Value      ;
+------------------------------------------------------------------+--------------------+--------------------+
; Device                                                           ; 10M08DAF484C8G     ;                    ;
; Top-level entity name                                            ; last               ; last               ;
; Family name                                                      ; MAX 10             ; Cyclone V          ;
; Use smart compilation                                            ; Off                ; Off                ;
; Enable parallel Assembler and Timing Analyzer during compilation ; On                 ; On                 ;
; Enable compact report table                                      ; Off                ; Off                ;
; Restructure Multiplexers                                         ; Auto               ; Auto               ;
; Create Debugging Nodes for IP Cores                              ; Off                ; Off                ;
; Preserve fewer node names                                        ; On                 ; On                 ;
; Intel FPGA IP Evaluation Mode                                    ; Enable             ; Enable             ;
; Verilog Version                                                  ; Verilog_2001       ; Verilog_2001       ;
; VHDL Version                                                     ; VHDL_1993          ; VHDL_1993          ;
; State Machine Processing                                         ; Auto               ; Auto               ;
; Safe State Machine                                               ; Off                ; Off                ;
; Extract Verilog State Machines                                   ; On                 ; On                 ;
; Extract VHDL State Machines                                      ; On                 ; On                 ;
; Ignore Verilog initial constructs                                ; Off                ; Off                ;
; Iteration limit for constant Verilog loops                       ; 5000               ; 5000               ;
; Iteration limit for non-constant Verilog loops                   ; 250                ; 250                ;
; Add Pass-Through Logic to Inferred RAMs                          ; On                 ; On                 ;
; Infer RAMs from Raw Logic                                        ; On                 ; On                 ;
; Parallel Synthesis                                               ; On                 ; On                 ;
; DSP Block Balancing                                              ; Auto               ; Auto               ;
; NOT Gate Push-Back                                               ; On                 ; On                 ;
; Power-Up Don't Care                                              ; On                 ; On                 ;
; Remove Redundant Logic Cells                                     ; Off                ; Off                ;
; Remove Duplicate Registers                                       ; On                 ; On                 ;
; Ignore CARRY Buffers                                             ; Off                ; Off                ;
; Ignore CASCADE Buffers                                           ; Off                ; Off                ;
; Ignore GLOBAL Buffers                                            ; Off                ; Off                ;
; Ignore ROW GLOBAL Buffers                                        ; Off                ; Off                ;
; Ignore LCELL Buffers                                             ; Off                ; Off                ;
; Ignore SOFT Buffers                                              ; On                 ; On                 ;
; Limit AHDL Integers to 32 Bits                                   ; Off                ; Off                ;
; Optimization Technique                                           ; Balanced           ; Balanced           ;
; Carry Chain Length                                               ; 70                 ; 70                 ;
; Auto Carry Chains                                                ; On                 ; On                 ;
; Auto Open-Drain Pins                                             ; On                 ; On                 ;
; Perform WYSIWYG Primitive Resynthesis                            ; Off                ; Off                ;
; Auto ROM Replacement                                             ; On                 ; On                 ;
; Auto RAM Replacement                                             ; On                 ; On                 ;
; Auto DSP Block Replacement                                       ; On                 ; On                 ;
; Auto Shift Register Replacement                                  ; Auto               ; Auto               ;
; Allow Shift Register Merging across Hierarchies                  ; Auto               ; Auto               ;
; Auto Clock Enable Replacement                                    ; On                 ; On                 ;
; Strict RAM Replacement                                           ; Off                ; Off                ;
; Allow Synchronous Control Signals                                ; On                 ; On                 ;
; Force Use of Synchronous Clear Signals                           ; Off                ; Off                ;
; Auto RAM Block Balancing                                         ; On                 ; On                 ;
; Auto RAM to Logic Cell Conversion                                ; Off                ; Off                ;
; Auto Resource Sharing                                            ; Off                ; Off                ;
; Allow Any RAM Size For Recognition                               ; Off                ; Off                ;
; Allow Any ROM Size For Recognition                               ; Off                ; Off                ;
; Allow Any Shift Register Size For Recognition                    ; Off                ; Off                ;
; Use LogicLock Constraints during Resource Balancing              ; On                 ; On                 ;
; Ignore translate_off and synthesis_off directives                ; Off                ; Off                ;
; Timing-Driven Synthesis                                          ; On                 ; On                 ;
; Report Parameter Settings                                        ; On                 ; On                 ;
; Report Source Assignments                                        ; On                 ; On                 ;
; Report Connectivity Checks                                       ; On                 ; On                 ;
; Ignore Maximum Fan-Out Assignments                               ; Off                ; Off                ;
; Synchronization Register Chain Length                            ; 2                  ; 2                  ;
; Power Optimization During Synthesis                              ; Normal compilation ; Normal compilation ;
; HDL message level                                                ; Level2             ; Level2             ;
; Suppress Register Optimization Related Messages                  ; Off                ; Off                ;
; Number of Removed Registers Reported in Synthesis Report         ; 5000               ; 5000               ;
; Number of Swept Nodes Reported in Synthesis Report               ; 5000               ; 5000               ;
; Number of Inverted Registers Reported in Synthesis Report        ; 100                ; 100                ;
; Clock MUX Protection                                             ; On                 ; On                 ;
; Auto Gated Clock Conversion                                      ; Off                ; Off                ;
; Block Design Naming                                              ; Auto               ; Auto               ;
; SDC constraint protection                                        ; Off                ; Off                ;
; Synthesis Effort                                                 ; Auto               ; Auto               ;
; Shift Register Replacement - Allow Asynchronous Clear Signal     ; On                 ; On                 ;
; Pre-Mapping Resynthesis Optimization                             ; Off                ; Off                ;
; Analysis & Synthesis Message Level                               ; Medium             ; Medium             ;
; Disable Register Merging Across Hierarchies                      ; Auto               ; Auto               ;
; Resource Aware Inference For Block RAM                           ; On                 ; On                 ;
+------------------------------------------------------------------+--------------------+--------------------+


+------------------------------------------+
; Parallel Compilation                     ;
+----------------------------+-------------+
; Processors                 ; Number      ;
+----------------------------+-------------+
; Number detected on machine ; 12          ;
; Maximum allowed            ; 12          ;
;                            ;             ;
; Average used               ; 1.00        ;
; Maximum used               ; 1           ;
;                            ;             ;
; Usage by Processor         ; % Time Used ;
;     Processor 1            ; 100.0%      ;
+----------------------------+-------------+


+----------------------------------------------------------------------------------------------------------------------------------------------------------------------------+
; Analysis & Synthesis Source Files Read                                                                                                                                     ;
+----------------------------------+-----------------+------------------------------+------------------------------------------------------------------------------+---------+
; File Name with User-Entered Path ; Used in Netlist ; File Type                    ; File Name with Absolute Path                                                 ; Library ;
+----------------------------------+-----------------+------------------------------+------------------------------------------------------------------------------+---------+
; sub17x.sv                        ; yes             ; User SystemVerilog HDL File  ; C:/Users/panda/Documents/ece texts books/ece 469/ECE469/lab3/sub17x.sv       ;         ;
; last.sv                          ; yes             ; User SystemVerilog HDL File  ; C:/Users/panda/Documents/ece texts books/ece 469/ECE469/lab3/last.sv         ;         ;
; gpblk.sv                         ; yes             ; User SystemVerilog HDL File  ; C:/Users/panda/Documents/ece texts books/ece 469/ECE469/lab3/gpblk.sv        ;         ;
; gpbit.sv                         ; yes             ; User SystemVerilog HDL File  ; C:/Users/panda/Documents/ece texts books/ece 469/ECE469/lab3/gpbit.sv        ;         ;
; gbit.sv                          ; yes             ; User SystemVerilog HDL File  ; C:/Users/panda/Documents/ece texts books/ece 469/ECE469/lab3/gbit.sv         ;         ;
; borrowX16.sv                     ; yes             ; User SystemVerilog HDL File  ; C:/Users/panda/Documents/ece texts books/ece 469/ECE469/lab3/borrowX16.sv    ;         ;
; borrow.sv                        ; yes             ; User SystemVerilog HDL File  ; C:/Users/panda/Documents/ece texts books/ece 469/ECE469/lab3/borrow.sv       ;         ;
; 8bitcompare.sv                   ; yes             ; User SystemVerilog HDL File  ; C:/Users/panda/Documents/ece texts books/ece 469/ECE469/lab3/8bitcompare.sv  ;         ;
; 4bitcompare.sv                   ; yes             ; User SystemVerilog HDL File  ; C:/Users/panda/Documents/ece texts books/ece 469/ECE469/lab3/4bitcompare.sv  ;         ;
; 2bitcompare.sv                   ; yes             ; User SystemVerilog HDL File  ; C:/Users/panda/Documents/ece texts books/ece 469/ECE469/lab3/2bitcompare.sv  ;         ;
; 16bitcompare.sv                  ; yes             ; User SystemVerilog HDL File  ; C:/Users/panda/Documents/ece texts books/ece 469/ECE469/lab3/16bitcompare.sv ;         ;
; 16bitbrent.sv                    ; yes             ; User SystemVerilog HDL File  ; C:/Users/panda/Documents/ece texts books/ece 469/ECE469/lab3/16bitbrent.sv   ;         ;
+----------------------------------+-----------------+------------------------------+------------------------------------------------------------------------------+---------+


+----------------------------------------------------------------------------------------+
; Analysis & Synthesis Resource Usage Summary                                            ;
+---------------------------------------------+------------------------------------------+
; Resource                                    ; Usage                                    ;
+---------------------------------------------+------------------------------------------+
; Estimated Total logic elements              ; 186                                      ;
;                                             ;                                          ;
; Total combinational functions               ; 186                                      ;
; Logic element usage by number of LUT inputs ;                                          ;
;     -- 4 input functions                    ; 132                                      ;
;     -- 3 input functions                    ; 36                                       ;
;     -- <=2 input functions                  ; 18                                       ;
;                                             ;                                          ;
; Logic elements by mode                      ;                                          ;
;     -- normal mode                          ; 186                                      ;
;     -- arithmetic mode                      ; 0                                        ;
;                                             ;                                          ;
; Total registers                             ; 0                                        ;
;     -- Dedicated logic registers            ; 0                                        ;
;     -- I/O registers                        ; 0                                        ;
;                                             ;                                          ;
; I/O pins                                    ; 70                                       ;
;                                             ;                                          ;
; Embedded Multiplier 9-bit elements          ; 0                                        ;
;                                             ;                                          ;
; Maximum fan-out node                        ; sub17x:sub12|bitcomparex16:bitc|bgreat~0 ;
; Maximum fan-out                             ; 26                                       ;
; Total fan-out                               ; 778                                      ;
; Average fan-out                             ; 2.39                                     ;
+---------------------------------------------+------------------------------------------+


+-----------------------------------------------------------------------------------------------------------------------------------------------------------------------------------------------------------------------------------------------------------------------------------------------------------+
; Analysis & Synthesis Resource Utilization by Entity                                                                                                                                                                                                                                                       ;
+------------------------------------+---------------------+---------------------------+-------------+------------+--------------+---------+-----------+------+--------------+------------+----------------------------------------------------------------------------------+---------------+--------------+
; Compilation Hierarchy Node         ; Combinational ALUTs ; Dedicated Logic Registers ; Memory Bits ; UFM Blocks ; DSP Elements ; DSP 9x9 ; DSP 18x18 ; Pins ; Virtual Pins ; ADC blocks ; Full Hierarchy Name                                                              ; Entity Name   ; Library Name ;
+------------------------------------+---------------------+---------------------------+-------------+------------+--------------+---------+-----------+------+--------------+------------+----------------------------------------------------------------------------------+---------------+--------------+
; |last                              ; 186 (5)             ; 0 (0)                     ; 0           ; 0          ; 0            ; 0       ; 0         ; 70   ; 0            ; 0          ; |last                                                                            ; last          ; work         ;
;    |sub17x:sub123|                 ; 116 (2)             ; 0 (0)                     ; 0           ; 0          ; 0            ; 0       ; 0         ; 0    ; 0            ; 0          ; |last|sub17x:sub123                                                              ; sub17x        ; work         ;
;       |XVIbitbrent:brent|          ; 44 (15)             ; 0 (0)                     ; 0           ; 0          ; 0            ; 0       ; 0         ; 0    ; 0            ; 0          ; |last|sub17x:sub123|XVIbitbrent:brent                                            ; XVIbitbrent   ; work         ;
;          |gbit:c10|                ; 2 (2)               ; 0 (0)                     ; 0           ; 0          ; 0            ; 0       ; 0         ; 0    ; 0            ; 0          ; |last|sub17x:sub123|XVIbitbrent:brent|gbit:c10                                   ; gbit          ; work         ;
;          |gbit:c11|                ; 1 (1)               ; 0 (0)                     ; 0           ; 0          ; 0            ; 0       ; 0         ; 0    ; 0            ; 0          ; |last|sub17x:sub123|XVIbitbrent:brent|gbit:c11                                   ; gbit          ; work         ;
;          |gbit:c12|                ; 1 (1)               ; 0 (0)                     ; 0           ; 0          ; 0            ; 0       ; 0         ; 0    ; 0            ; 0          ; |last|sub17x:sub123|XVIbitbrent:brent|gbit:c12                                   ; gbit          ; work         ;
;          |gbit:c13|                ; 1 (1)               ; 0 (0)                     ; 0           ; 0          ; 0            ; 0       ; 0         ; 0    ; 0            ; 0          ; |last|sub17x:sub123|XVIbitbrent:brent|gbit:c13                                   ; gbit          ; work         ;
;          |gbit:c14|                ; 2 (2)               ; 0 (0)                     ; 0           ; 0          ; 0            ; 0       ; 0         ; 0    ; 0            ; 0          ; |last|sub17x:sub123|XVIbitbrent:brent|gbit:c14                                   ; gbit          ; work         ;
;          |gbit:c15|                ; 1 (1)               ; 0 (0)                     ; 0           ; 0          ; 0            ; 0       ; 0         ; 0    ; 0            ; 0          ; |last|sub17x:sub123|XVIbitbrent:brent|gbit:c15                                   ; gbit          ; work         ;
;          |gbit:c16|                ; 2 (2)               ; 0 (0)                     ; 0           ; 0          ; 0            ; 0       ; 0         ; 0    ; 0            ; 0          ; |last|sub17x:sub123|XVIbitbrent:brent|gbit:c16                                   ; gbit          ; work         ;
;          |gbit:c2|                 ; 1 (1)               ; 0 (0)                     ; 0           ; 0          ; 0            ; 0       ; 0         ; 0    ; 0            ; 0          ; |last|sub17x:sub123|XVIbitbrent:brent|gbit:c2                                    ; gbit          ; work         ;
;          |gbit:c4|                 ; 2 (2)               ; 0 (0)                     ; 0           ; 0          ; 0            ; 0       ; 0         ; 0    ; 0            ; 0          ; |last|sub17x:sub123|XVIbitbrent:brent|gbit:c4                                    ; gbit          ; work         ;
;          |gbit:c5|                 ; 1 (1)               ; 0 (0)                     ; 0           ; 0          ; 0            ; 0       ; 0         ; 0    ; 0            ; 0          ; |last|sub17x:sub123|XVIbitbrent:brent|gbit:c5                                    ; gbit          ; work         ;
;          |gbit:c6|                 ; 2 (2)               ; 0 (0)                     ; 0           ; 0          ; 0            ; 0       ; 0         ; 0    ; 0            ; 0          ; |last|sub17x:sub123|XVIbitbrent:brent|gbit:c6                                    ; gbit          ; work         ;
;          |gbit:c7|                 ; 1 (1)               ; 0 (0)                     ; 0           ; 0          ; 0            ; 0       ; 0         ; 0    ; 0            ; 0          ; |last|sub17x:sub123|XVIbitbrent:brent|gbit:c7                                    ; gbit          ; work         ;
;          |gbit:c8|                 ; 1 (1)               ; 0 (0)                     ; 0           ; 0          ; 0            ; 0       ; 0         ; 0    ; 0            ; 0          ; |last|sub17x:sub123|XVIbitbrent:brent|gbit:c8                                    ; gbit          ; work         ;
;          |gbit:c9|                 ; 1 (1)               ; 0 (0)                     ; 0           ; 0          ; 0            ; 0       ; 0         ; 0    ; 0            ; 0          ; |last|sub17x:sub123|XVIbitbrent:brent|gbit:c9                                    ; gbit          ; work         ;
;          |gpblk:g0|                ; 1 (1)               ; 0 (0)                     ; 0           ; 0          ; 0            ; 0       ; 0         ; 0    ; 0            ; 0          ; |last|sub17x:sub123|XVIbitbrent:brent|gpblk:g0                                   ; gpblk         ; work         ;
;          |gpblk:g1|                ; 1 (1)               ; 0 (0)                     ; 0           ; 0          ; 0            ; 0       ; 0         ; 0    ; 0            ; 0          ; |last|sub17x:sub123|XVIbitbrent:brent|gpblk:g1                                   ; gpblk         ; work         ;
;          |gpblk:g2|                ; 2 (2)               ; 0 (0)                     ; 0           ; 0          ; 0            ; 0       ; 0         ; 0    ; 0            ; 0          ; |last|sub17x:sub123|XVIbitbrent:brent|gpblk:g2                                   ; gpblk         ; work         ;
;          |gpblk:g3|                ; 1 (1)               ; 0 (0)                     ; 0           ; 0          ; 0            ; 0       ; 0         ; 0    ; 0            ; 0          ; |last|sub17x:sub123|XVIbitbrent:brent|gpblk:g3                                   ; gpblk         ; work         ;
;          |gpblk:g4|                ; 1 (1)               ; 0 (0)                     ; 0           ; 0          ; 0            ; 0       ; 0         ; 0    ; 0            ; 0          ; |last|sub17x:sub123|XVIbitbrent:brent|gpblk:g4                                   ; gpblk         ; work         ;
;          |gpblk:g5|                ; 2 (2)               ; 0 (0)                     ; 0           ; 0          ; 0            ; 0       ; 0         ; 0    ; 0            ; 0          ; |last|sub17x:sub123|XVIbitbrent:brent|gpblk:g5                                   ; gpblk         ; work         ;
;          |gpblk:g6|                ; 1 (1)               ; 0 (0)                     ; 0           ; 0          ; 0            ; 0       ; 0         ; 0    ; 0            ; 0          ; |last|sub17x:sub123|XVIbitbrent:brent|gpblk:g6                                   ; gpblk         ; work         ;
;          |gpblk:g7|                ; 1 (1)               ; 0 (0)                     ; 0           ; 0          ; 0            ; 0       ; 0         ; 0    ; 0            ; 0          ; |last|sub17x:sub123|XVIbitbrent:brent|gpblk:g7                                   ; gpblk         ; work         ;
;       |bitcomparex16:bitc|         ; 43 (23)             ; 0 (0)                     ; 0           ; 0          ; 0            ; 0       ; 0         ; 0    ; 0            ; 0          ; |last|sub17x:sub123|bitcomparex16:bitc                                           ; bitcomparex16 ; work         ;
;          |bitcomparex8:hgihdut|    ; 5 (5)               ; 0 (0)                     ; 0           ; 0          ; 0            ; 0       ; 0         ; 0    ; 0            ; 0          ; |last|sub17x:sub123|bitcomparex16:bitc|bitcomparex8:hgihdut                      ; bitcomparex8  ; work         ;
;          |bitcomparex8:highdut|    ; 10 (5)              ; 0 (0)                     ; 0           ; 0          ; 0            ; 0       ; 0         ; 0    ; 0            ; 0          ; |last|sub17x:sub123|bitcomparex16:bitc|bitcomparex8:highdut                      ; bitcomparex8  ; work         ;
;             |bitcomparex4:hgihdut| ; 4 (4)               ; 0 (0)                     ; 0           ; 0          ; 0            ; 0       ; 0         ; 0    ; 0            ; 0          ; |last|sub17x:sub123|bitcomparex16:bitc|bitcomparex8:highdut|bitcomparex4:hgihdut ; bitcomparex4  ; work         ;
;             |bitcomparex4:highdut| ; 1 (1)               ; 0 (0)                     ; 0           ; 0          ; 0            ; 0       ; 0         ; 0    ; 0            ; 0          ; |last|sub17x:sub123|bitcomparex16:bitc|bitcomparex8:highdut|bitcomparex4:highdut ; bitcomparex4  ; work         ;
;          |bitcomparex8:woldut|     ; 5 (1)               ; 0 (0)                     ; 0           ; 0          ; 0            ; 0       ; 0         ; 0    ; 0            ; 0          ; |last|sub17x:sub123|bitcomparex16:bitc|bitcomparex8:woldut                       ; bitcomparex8  ; work         ;
;             |bitcomparex4:hgihdut| ; 1 (1)               ; 0 (0)                     ; 0           ; 0          ; 0            ; 0       ; 0         ; 0    ; 0            ; 0          ; |last|sub17x:sub123|bitcomparex16:bitc|bitcomparex8:woldut|bitcomparex4:hgihdut  ; bitcomparex4  ; work         ;
;             |bitcomparex4:highdut| ; 3 (3)               ; 0 (0)                     ; 0           ; 0          ; 0            ; 0       ; 0         ; 0    ; 0            ; 0          ; |last|sub17x:sub123|bitcomparex16:bitc|bitcomparex8:woldut|bitcomparex4:highdut  ; bitcomparex4  ; work         ;
;       |borrowX16:bor|              ; 14 (0)              ; 0 (0)                     ; 0           ; 0          ; 0            ; 0       ; 0         ; 0    ; 0            ; 0          ; |last|sub17x:sub123|borrowX16:bor                                                ; borrowX16     ; work         ;
;          |borrow:bor11|            ; 2 (2)               ; 0 (0)                     ; 0           ; 0          ; 0            ; 0       ; 0         ; 0    ; 0            ; 0          ; |last|sub17x:sub123|borrowX16:bor|borrow:bor11                                   ; borrow        ; work         ;
;          |borrow:bor13|            ; 2 (2)               ; 0 (0)                     ; 0           ; 0          ; 0            ; 0       ; 0         ; 0    ; 0            ; 0          ; |last|sub17x:sub123|borrowX16:bor|borrow:bor13                                   ; borrow        ; work         ;
;          |borrow:bor15|            ; 2 (2)               ; 0 (0)                     ; 0           ; 0          ; 0            ; 0       ; 0         ; 0    ; 0            ; 0          ; |last|sub17x:sub123|borrowX16:bor|borrow:bor15                                   ; borrow        ; work         ;
;          |borrow:bor3|             ; 2 (2)               ; 0 (0)                     ; 0           ; 0          ; 0            ; 0       ; 0         ; 0    ; 0            ; 0          ; |last|sub17x:sub123|borrowX16:bor|borrow:bor3                                    ; borrow        ; work         ;
;          |borrow:bor5|             ; 2 (2)               ; 0 (0)                     ; 0           ; 0          ; 0            ; 0       ; 0         ; 0    ; 0            ; 0          ; |last|sub17x:sub123|borrowX16:bor|borrow:bor5                                    ; borrow        ; work         ;
;          |borrow:bor7|             ; 2 (2)               ; 0 (0)                     ; 0           ; 0          ; 0            ; 0       ; 0         ; 0    ; 0            ; 0          ; |last|sub17x:sub123|borrowX16:bor|borrow:bor7                                    ; borrow        ; work         ;
;          |borrow:bor9|             ; 2 (2)               ; 0 (0)                     ; 0           ; 0          ; 0            ; 0       ; 0         ; 0    ; 0            ; 0          ; |last|sub17x:sub123|borrowX16:bor|borrow:bor9                                    ; borrow        ; work         ;
;       |borrowX16:rob|              ; 13 (0)              ; 0 (0)                     ; 0           ; 0          ; 0            ; 0       ; 0         ; 0    ; 0            ; 0          ; |last|sub17x:sub123|borrowX16:rob                                                ; borrowX16     ; work         ;
;          |borrow:bor11|            ; 2 (2)               ; 0 (0)                     ; 0           ; 0          ; 0            ; 0       ; 0         ; 0    ; 0            ; 0          ; |last|sub17x:sub123|borrowX16:rob|borrow:bor11                                   ; borrow        ; work         ;
;          |borrow:bor13|            ; 2 (2)               ; 0 (0)                     ; 0           ; 0          ; 0            ; 0       ; 0         ; 0    ; 0            ; 0          ; |last|sub17x:sub123|borrowX16:rob|borrow:bor13                                   ; borrow        ; work         ;
;          |borrow:bor15|            ; 1 (1)               ; 0 (0)                     ; 0           ; 0          ; 0            ; 0       ; 0         ; 0    ; 0            ; 0          ; |last|sub17x:sub123|borrowX16:rob|borrow:bor15                                   ; borrow        ; work         ;
;          |borrow:bor3|             ; 2 (2)               ; 0 (0)                     ; 0           ; 0          ; 0            ; 0       ; 0         ; 0    ; 0            ; 0          ; |last|sub17x:sub123|borrowX16:rob|borrow:bor3                                    ; borrow        ; work         ;
;          |borrow:bor5|             ; 2 (2)               ; 0 (0)                     ; 0           ; 0          ; 0            ; 0       ; 0         ; 0    ; 0            ; 0          ; |last|sub17x:sub123|borrowX16:rob|borrow:bor5                                    ; borrow        ; work         ;
;          |borrow:bor7|             ; 2 (2)               ; 0 (0)                     ; 0           ; 0          ; 0            ; 0       ; 0         ; 0    ; 0            ; 0          ; |last|sub17x:sub123|borrowX16:rob|borrow:bor7                                    ; borrow        ; work         ;
;          |borrow:bor9|             ; 2 (2)               ; 0 (0)                     ; 0           ; 0          ; 0            ; 0       ; 0         ; 0    ; 0            ; 0          ; |last|sub17x:sub123|borrowX16:rob|borrow:bor9                                    ; borrow        ; work         ;
;    |sub17x:sub12|                  ; 65 (60)             ; 0 (0)                     ; 0           ; 0          ; 0            ; 0       ; 0         ; 0    ; 0            ; 0          ; |last|sub17x:sub12                                                               ; sub17x        ; work         ;
;       |bitcomparex16:bitc|         ; 5 (1)               ; 0 (0)                     ; 0           ; 0          ; 0            ; 0       ; 0         ; 0    ; 0            ; 0          ; |last|sub17x:sub12|bitcomparex16:bitc                                            ; bitcomparex16 ; work         ;
;          |bitcomparex8:woldut|     ; 4 (4)               ; 0 (0)                     ; 0           ; 0          ; 0            ; 0       ; 0         ; 0    ; 0            ; 0          ; |last|sub17x:sub12|bitcomparex16:bitc|bitcomparex8:woldut                        ; bitcomparex8  ; work         ;
+------------------------------------+---------------------+---------------------------+-------------+------------+--------------+---------+-----------+------+--------------+------------+----------------------------------------------------------------------------------+---------------+--------------+
Note: For table entries with two numbers listed, the numbers in parentheses indicate the number of resources of the given type used by the specific entity alone. The numbers listed outside of parentheses indicate the total resources of the given type used by the specific entity and all of its sub-entities in the hierarchy.


+------------------------------------------------------+
; General Register Statistics                          ;
+----------------------------------------------+-------+
; Statistic                                    ; Value ;
+----------------------------------------------+-------+
; Total registers                              ; 0     ;
; Number of registers using Synchronous Clear  ; 0     ;
; Number of registers using Synchronous Load   ; 0     ;
; Number of registers using Asynchronous Clear ; 0     ;
; Number of registers using Asynchronous Load  ; 0     ;
; Number of registers using Clock Enable       ; 0     ;
; Number of registers using Preset             ; 0     ;
+----------------------------------------------+-------+


+------------------------------------------------------------------------------------------------------------------------------------------+
; Multiplexer Restructuring Statistics (Restructuring Performed)                                                                           ;
+--------------------+-----------+---------------+----------------------+------------------------+------------+----------------------------+
; Multiplexer Inputs ; Bus Width ; Baseline Area ; Area if Restructured ; Saving if Restructured ; Registered ; Example Multiplexer Output ;
+--------------------+-----------+---------------+----------------------+------------------------+------------+----------------------------+
; 3:1                ; 16 bits   ; 32 LEs        ; 32 LEs               ; 0 LEs                  ; No         ; |last|S                    ;
; 3:1                ; 30 bits   ; 60 LEs        ; 60 LEs               ; 0 LEs                  ; No         ; |last|sub17x:sub123|D[1]   ;
+--------------------+-----------+---------------+----------------------+------------------------+------------+----------------------------+


+--------------------------------------------------------------------+
; Port Connectivity Checks: "sub17x:sub12|borrowX16:bor|borrow:bor1" ;
+------+-------+----------+------------------------------------------+
; Port ; Type  ; Severity ; Details                                  ;
+------+-------+----------+------------------------------------------+
; Bin  ; Input ; Info     ; Stuck at GND                             ;
+------+-------+----------+------------------------------------------+


+----------------------------------------------------------------------------------------------------------------+
; Port Connectivity Checks: "XVIbitbrent:brent|gpbit:n0"                                                         ;
+------+--------+----------+-------------------------------------------------------------------------------------+
; Port ; Type   ; Severity ; Details                                                                             ;
+------+--------+----------+-------------------------------------------------------------------------------------+
; Pii  ; Output ; Info     ; Connected to dangling logic. Logic that only feeds a dangling port will be removed. ;
+------+--------+----------+-------------------------------------------------------------------------------------+


+------------------------------------------------------------------------------------------------------------------+
; Port Connectivity Checks: "bitcomparex16:bitcomp|bitcomparex8:lowdut|bitcomparex4:woldut"                        ;
+--------+--------+----------+-------------------------------------------------------------------------------------+
; Port   ; Type   ; Severity ; Details                                                                             ;
+--------+--------+----------+-------------------------------------------------------------------------------------+
; agreat ; Output ; Info     ; Connected to dangling logic. Logic that only feeds a dangling port will be removed. ;
+--------+--------+----------+-------------------------------------------------------------------------------------+


+------------------------------------------------------------------------------------------------------------------+
; Port Connectivity Checks: "bitcomparex16:bitcomp|bitcomparex8:lowdut|bitcomparex4:lowdut|bitcomparex2:woldut"    ;
+--------+--------+----------+-------------------------------------------------------------------------------------+
; Port   ; Type   ; Severity ; Details                                                                             ;
+--------+--------+----------+-------------------------------------------------------------------------------------+
; Agreat ; Output ; Info     ; Connected to dangling logic. Logic that only feeds a dangling port will be removed. ;
+--------+--------+----------+-------------------------------------------------------------------------------------+


+-----------------------------------------------------------------------------------------------------------------+
; Port Connectivity Checks: "bitcomparex16:bitcomp"                                                               ;
+-------+--------+----------+-------------------------------------------------------------------------------------+
; Port  ; Type   ; Severity ; Details                                                                             ;
+-------+--------+----------+-------------------------------------------------------------------------------------+
; equal ; Output ; Info     ; Connected to dangling logic. Logic that only feeds a dangling port will be removed. ;
+-------+--------+----------+-------------------------------------------------------------------------------------+


+-----------------------------------------------------+
; Post-Synthesis Netlist Statistics for Top Partition ;
+-----------------------+-----------------------------+
; Type                  ; Count                       ;
+-----------------------+-----------------------------+
; boundary_port         ; 70                          ;
; cycloneiii_lcell_comb ; 186                         ;
;     normal            ; 186                         ;
;         2 data inputs ; 18                          ;
;         3 data inputs ; 36                          ;
;         4 data inputs ; 132                         ;
;                       ;                             ;
; Max LUT depth         ; 10.00                       ;
; Average LUT depth     ; 7.57                        ;
+-----------------------+-----------------------------+


+-------------------------------+
; Elapsed Time Per Partition    ;
+----------------+--------------+
; Partition Name ; Elapsed Time ;
+----------------+--------------+
; Top            ; 00:00:01     ;
+----------------+--------------+


+-------------------------------+
; Analysis & Synthesis Messages ;
+-------------------------------+
Info: *******************************************************************
Info: Running Quartus Prime Analysis & Synthesis
    Info: Version 23.1std.1 Build 993 05/14/2024 SC Lite Edition
    Info: Processing started: Wed Feb 12 23:42:14 2025
Info: Command: quartus_map --read_settings_files=on --write_settings_files=off last -c last
Warning (18236): Number of processors has not been specified which may cause overloading on shared machines.  Set the global assignment NUM_PARALLEL_PROCESSORS in your QSF to an appropriate value for best performance.
Info (20030): Parallel compilation is enabled and will use 12 of the 12 processors detected
Info (12021): Found 1 design units, including 1 entities, in source file testsub.sv
    Info (12023): Found entity 1: testsub File: C:/Users/panda/Documents/ece texts books/ece 469/ECE469/lab3/testsub.sv Line: 1
Info (12021): Found 1 design units, including 1 entities, in source file testfinal.sv
    Info (12023): Found entity 1: testfinal File: C:/Users/panda/Documents/ece texts books/ece 469/ECE469/lab3/testfinal.sv Line: 1
Info (12021): Found 1 design units, including 1 entities, in source file testborrowx16.sv
    Info (12023): Found entity 1: testborrowX16 File: C:/Users/panda/Documents/ece texts books/ece 469/ECE469/lab3/testborrowX16.sv Line: 1
Info (12021): Found 1 design units, including 1 entities, in source file testborrow.sv
    Info (12023): Found entity 1: testborrow File: C:/Users/panda/Documents/ece texts books/ece 469/ECE469/lab3/testborrow.sv Line: 1
Info (12021): Found 1 design units, including 1 entities, in source file test2bitcompare.sv
    Info (12023): Found entity 1: test2bitcompare File: C:/Users/panda/Documents/ece texts books/ece 469/ECE469/lab3/test2bitcompare.sv Line: 1
Info (12021): Found 1 design units, including 1 entities, in source file test16bitcompare.sv
    Info (12023): Found entity 1: test16bitcompare File: C:/Users/panda/Documents/ece texts books/ece 469/ECE469/lab3/test16bitcompare.sv Line: 1
Info (12021): Found 1 design units, including 1 entities, in source file sub17x.sv
    Info (12023): Found entity 1: sub17x File: C:/Users/panda/Documents/ece texts books/ece 469/ECE469/lab3/sub17x.sv Line: 1
Info (12021): Found 1 design units, including 1 entities, in source file last.sv
    Info (12023): Found entity 1: last File: C:/Users/panda/Documents/ece texts books/ece 469/ECE469/lab3/last.sv Line: 1
Info (12021): Found 1 design units, including 1 entities, in source file gpblk.sv
    Info (12023): Found entity 1: gpblk File: C:/Users/panda/Documents/ece texts books/ece 469/ECE469/lab3/gpblk.sv Line: 1
Info (12021): Found 1 design units, including 1 entities, in source file gpbit.sv
    Info (12023): Found entity 1: gpbit File: C:/Users/panda/Documents/ece texts books/ece 469/ECE469/lab3/gpbit.sv Line: 1
Info (12021): Found 1 design units, including 1 entities, in source file gbit.sv
    Info (12023): Found entity 1: gbit File: C:/Users/panda/Documents/ece texts books/ece 469/ECE469/lab3/gbit.sv Line: 1
Info (12021): Found 1 design units, including 1 entities, in source file brenttest.sv
    Info (12023): Found entity 1: testbrentadd File: C:/Users/panda/Documents/ece texts books/ece 469/ECE469/lab3/brenttest.sv Line: 1
Info (12021): Found 1 design units, including 1 entities, in source file borrowx16.sv
    Info (12023): Found entity 1: borrowX16 File: C:/Users/panda/Documents/ece texts books/ece 469/ECE469/lab3/borrowX16.sv Line: 1
Info (12021): Found 1 design units, including 1 entities, in source file borrow.sv
    Info (12023): Found entity 1: borrow File: C:/Users/panda/Documents/ece texts books/ece 469/ECE469/lab3/borrow.sv Line: 1
Info (12021): Found 1 design units, including 1 entities, in source file 8bitcompare.sv
    Info (12023): Found entity 1: bitcomparex8 File: C:/Users/panda/Documents/ece texts books/ece 469/ECE469/lab3/8bitcompare.sv Line: 1
Info (12021): Found 1 design units, including 1 entities, in source file 4bitcompare.sv
    Info (12023): Found entity 1: bitcomparex4 File: C:/Users/panda/Documents/ece texts books/ece 469/ECE469/lab3/4bitcompare.sv Line: 1
Info (12021): Found 1 design units, including 1 entities, in source file 2bitcompare.sv
    Info (12023): Found entity 1: bitcomparex2 File: C:/Users/panda/Documents/ece texts books/ece 469/ECE469/lab3/2bitcompare.sv Line: 1
Info (12021): Found 1 design units, including 1 entities, in source file 16bitcompare.sv
    Info (12023): Found entity 1: bitcomparex16 File: C:/Users/panda/Documents/ece texts books/ece 469/ECE469/lab3/16bitcompare.sv Line: 1
Info (12021): Found 1 design units, including 1 entities, in source file 16bitbrent.sv
    Info (12023): Found entity 1: XVIbitbrent File: C:/Users/panda/Documents/ece texts books/ece 469/ECE469/lab3/16bitbrent.sv Line: 1
Info (12127): Elaborating entity "last" for the top level hierarchy
Info (12128): Elaborating entity "bitcomparex16" for hierarchy "bitcomparex16:bitcomp" File: C:/Users/panda/Documents/ece texts books/ece 469/ECE469/lab3/last.sv Line: 3
Info (12128): Elaborating entity "bitcomparex8" for hierarchy "bitcomparex16:bitcomp|bitcomparex8:lowdut" File: C:/Users/panda/Documents/ece texts books/ece 469/ECE469/lab3/16bitcompare.sv Line: 3
Info (12128): Elaborating entity "bitcomparex4" for hierarchy "bitcomparex16:bitcomp|bitcomparex8:lowdut|bitcomparex4:lowdut" File: C:/Users/panda/Documents/ece texts books/ece 469/ECE469/lab3/8bitcompare.sv Line: 3
Info (12128): Elaborating entity "bitcomparex2" for hierarchy "bitcomparex16:bitcomp|bitcomparex8:lowdut|bitcomparex4:lowdut|bitcomparex2:lowdut" File: C:/Users/panda/Documents/ece texts books/ece 469/ECE469/lab3/4bitcompare.sv Line: 3
Info (12128): Elaborating entity "XVIbitbrent" for hierarchy "XVIbitbrent:brent" File: C:/Users/panda/Documents/ece texts books/ece 469/ECE469/lab3/last.sv Line: 10
Info (12128): Elaborating entity "gpbit" for hierarchy "XVIbitbrent:brent|gpbit:n0" File: C:/Users/panda/Documents/ece texts books/ece 469/ECE469/lab3/16bitbrent.sv Line: 13
Info (12128): Elaborating entity "gbit" for hierarchy "XVIbitbrent:brent|gbit:c2" File: C:/Users/panda/Documents/ece texts books/ece 469/ECE469/lab3/16bitbrent.sv Line: 33
Info (12128): Elaborating entity "gpblk" for hierarchy "XVIbitbrent:brent|gpblk:g0" File: C:/Users/panda/Documents/ece texts books/ece 469/ECE469/lab3/16bitbrent.sv Line: 39
Info (12128): Elaborating entity "sub17x" for hierarchy "sub17x:sub12" File: C:/Users/panda/Documents/ece texts books/ece 469/ECE469/lab3/last.sv Line: 15
Info (12128): Elaborating entity "borrowX16" for hierarchy "sub17x:sub12|borrowX16:bor" File: C:/Users/panda/Documents/ece texts books/ece 469/ECE469/lab3/sub17x.sv Line: 6
Info (12128): Elaborating entity "borrow" for hierarchy "sub17x:sub12|borrowX16:bor|borrow:bor1" File: C:/Users/panda/Documents/ece texts books/ece 469/ECE469/lab3/borrowX16.sv Line: 3
Info (286030): Timing-Driven Synthesis is running
Info (144001): Generated suppressed messages file C:/Users/panda/Documents/ece texts books/ece 469/ECE469/lab3/output_files/last.map.smsg
Info (16010): Generating hard_block partition "hard_block:auto_generated_inst"
    Info (16011): Adding 0 node(s), including 0 DDIO, 0 PLL, 0 transceiver and 0 LCELL
Info (21057): Implemented 256 device resources after synthesis - the final resource count might be different
    Info (21058): Implemented 34 input pins
    Info (21059): Implemented 36 output pins
    Info (21061): Implemented 186 logic cells
Info: Quartus Prime Analysis & Synthesis was successful. 0 errors, 1 warning
    Info: Peak virtual memory: 4781 megabytes
    Info: Processing ended: Wed Feb 12 23:42:22 2025
    Info: Elapsed time: 00:00:08
    Info: Total CPU time (on all processors): 00:00:15


+------------------------------------------+
; Analysis & Synthesis Suppressed Messages ;
+------------------------------------------+
The suppressed messages can be found in C:/Users/panda/Documents/ece texts books/ece 469/ECE469/lab3/output_files/last.map.smsg.


