Analysis & Synthesis report for lab2
Wed Jan 29 23:09:38 2025
Quartus Prime Version 23.1std.1 Build 993 05/14/2024 SC Lite Edition


---------------------
; Table of Contents ;
---------------------
  1. Legal Notice
  2. Analysis & Synthesis Summary
  3. Analysis & Synthesis Settings
  4. Parallel Compilation
  5. Analysis & Synthesis Source Files Read
  6. Analysis & Synthesis Resource Usage Summary
  7. Analysis & Synthesis Resource Utilization by Entity
  8. General Register Statistics
  9. Port Connectivity Checks: "king:dut|dif_bird:dut2|all_gp:dave"
 10. Port Connectivity Checks: "king:dut|dif_bird:dut2"
 11. Port Connectivity Checks: "king:dut|sum_bird:dut|all_gp:dave"
 12. Port Connectivity Checks: "king:dut|sum_bird:dut"
 13. Post-Synthesis Netlist Statistics for Top Partition
 14. Elapsed Time Per Partition
 15. Analysis & Synthesis Messages
 16. Analysis & Synthesis Suppressed Messages



----------------
; Legal Notice ;
----------------
Copyright (C) 2024  Intel Corporation. All rights reserved.
Your use of Intel Corporation's design tools, logic functions 
and other software and tools, and any partner logic 
functions, and any output files from any of the foregoing 
(including device programming or simulation files), and any 
associated documentation or information are expressly subject 
to the terms and conditions of the Intel Program License 
Subscription Agreement, the Intel Quartus Prime License Agreement,
the Intel FPGA IP License Agreement, or other applicable license
agreement, including, without limitation, that your use is for
the sole purpose of programming logic devices manufactured by
Intel and sold by Intel or its authorized distributors.  Please
refer to the applicable agreement for further details, at
https://fpgasoftware.intel.com/eula.



+-------------------------------------------------------------------------------------+
; Analysis & Synthesis Summary                                                        ;
+------------------------------------+------------------------------------------------+
; Analysis & Synthesis Status        ; Successful - Wed Jan 29 23:09:38 2025          ;
; Quartus Prime Version              ; 23.1std.1 Build 993 05/14/2024 SC Lite Edition ;
; Revision Name                      ; lab2                                           ;
; Top-level Entity Name              ; jester                                         ;
; Family                             ; MAX 10                                         ;
; Total logic elements               ; 87                                             ;
;     Total combinational functions  ; 87                                             ;
;     Dedicated logic registers      ; 0                                              ;
; Total registers                    ; 0                                              ;
; Total pins                         ; 99                                             ;
; Total virtual pins                 ; 0                                              ;
; Total memory bits                  ; 0                                              ;
; Embedded Multiplier 9-bit elements ; 0                                              ;
; Total PLLs                         ; 0                                              ;
; UFM blocks                         ; 0                                              ;
; ADC blocks                         ; 0                                              ;
+------------------------------------+------------------------------------------------+


+------------------------------------------------------------------------------------------------------------+
; Analysis & Synthesis Settings                                                                              ;
+------------------------------------------------------------------+--------------------+--------------------+
; Option                                                           ; Setting            ; Default Value      ;
+------------------------------------------------------------------+--------------------+--------------------+
; Device                                                           ; 10M08DAF484C8G     ;                    ;
; Top-level entity name                                            ; jester             ; lab2               ;
; Family name                                                      ; MAX 10             ; Cyclone V          ;
; Use smart compilation                                            ; Off                ; Off                ;
; Enable parallel Assembler and Timing Analyzer during compilation ; On                 ; On                 ;
; Enable compact report table                                      ; Off                ; Off                ;
; Restructure Multiplexers                                         ; Auto               ; Auto               ;
; Create Debugging Nodes for IP Cores                              ; Off                ; Off                ;
; Preserve fewer node names                                        ; On                 ; On                 ;
; Intel FPGA IP Evaluation Mode                                    ; Enable             ; Enable             ;
; Verilog Version                                                  ; Verilog_2001       ; Verilog_2001       ;
; VHDL Version                                                     ; VHDL_1993          ; VHDL_1993          ;
; State Machine Processing                                         ; Auto               ; Auto               ;
; Safe State Machine                                               ; Off                ; Off                ;
; Extract Verilog State Machines                                   ; On                 ; On                 ;
; Extract VHDL State Machines                                      ; On                 ; On                 ;
; Ignore Verilog initial constructs                                ; Off                ; Off                ;
; Iteration limit for constant Verilog loops                       ; 5000               ; 5000               ;
; Iteration limit for non-constant Verilog loops                   ; 250                ; 250                ;
; Add Pass-Through Logic to Inferred RAMs                          ; On                 ; On                 ;
; Infer RAMs from Raw Logic                                        ; On                 ; On                 ;
; Parallel Synthesis                                               ; On                 ; On                 ;
; DSP Block Balancing                                              ; Auto               ; Auto               ;
; NOT Gate Push-Back                                               ; On                 ; On                 ;
; Power-Up Don't Care                                              ; On                 ; On                 ;
; Remove Redundant Logic Cells                                     ; Off                ; Off                ;
; Remove Duplicate Registers                                       ; On                 ; On                 ;
; Ignore CARRY Buffers                                             ; Off                ; Off                ;
; Ignore CASCADE Buffers                                           ; Off                ; Off                ;
; Ignore GLOBAL Buffers                                            ; Off                ; Off                ;
; Ignore ROW GLOBAL Buffers                                        ; Off                ; Off                ;
; Ignore LCELL Buffers                                             ; Off                ; Off                ;
; Ignore SOFT Buffers                                              ; On                 ; On                 ;
; Limit AHDL Integers to 32 Bits                                   ; Off                ; Off                ;
; Optimization Technique                                           ; Balanced           ; Balanced           ;
; Carry Chain Length                                               ; 70                 ; 70                 ;
; Auto Carry Chains                                                ; On                 ; On                 ;
; Auto Open-Drain Pins                                             ; On                 ; On                 ;
; Perform WYSIWYG Primitive Resynthesis                            ; Off                ; Off                ;
; Auto ROM Replacement                                             ; On                 ; On                 ;
; Auto RAM Replacement                                             ; On                 ; On                 ;
; Auto DSP Block Replacement                                       ; On                 ; On                 ;
; Auto Shift Register Replacement                                  ; Auto               ; Auto               ;
; Allow Shift Register Merging across Hierarchies                  ; Auto               ; Auto               ;
; Auto Clock Enable Replacement                                    ; On                 ; On                 ;
; Strict RAM Replacement                                           ; Off                ; Off                ;
; Allow Synchronous Control Signals                                ; On                 ; On                 ;
; Force Use of Synchronous Clear Signals                           ; Off                ; Off                ;
; Auto RAM Block Balancing                                         ; On                 ; On                 ;
; Auto RAM to Logic Cell Conversion                                ; Off                ; Off                ;
; Auto Resource Sharing                                            ; Off                ; Off                ;
; Allow Any RAM Size For Recognition                               ; Off                ; Off                ;
; Allow Any ROM Size For Recognition                               ; Off                ; Off                ;
; Allow Any Shift Register Size For Recognition                    ; Off                ; Off                ;
; Use LogicLock Constraints during Resource Balancing              ; On                 ; On                 ;
; Ignore translate_off and synthesis_off directives                ; Off                ; Off                ;
; Timing-Driven Synthesis                                          ; On                 ; On                 ;
; Report Parameter Settings                                        ; On                 ; On                 ;
; Report Source Assignments                                        ; On                 ; On                 ;
; Report Connectivity Checks                                       ; On                 ; On                 ;
; Ignore Maximum Fan-Out Assignments                               ; Off                ; Off                ;
; Synchronization Register Chain Length                            ; 2                  ; 2                  ;
; Power Optimization During Synthesis                              ; Normal compilation ; Normal compilation ;
; HDL message level                                                ; Level2             ; Level2             ;
; Suppress Register Optimization Related Messages                  ; Off                ; Off                ;
; Number of Removed Registers Reported in Synthesis Report         ; 5000               ; 5000               ;
; Number of Swept Nodes Reported in Synthesis Report               ; 5000               ; 5000               ;
; Number of Inverted Registers Reported in Synthesis Report        ; 100                ; 100                ;
; Clock MUX Protection                                             ; On                 ; On                 ;
; Auto Gated Clock Conversion                                      ; Off                ; Off                ;
; Block Design Naming                                              ; Auto               ; Auto               ;
; SDC constraint protection                                        ; Off                ; Off                ;
; Synthesis Effort                                                 ; Auto               ; Auto               ;
; Shift Register Replacement - Allow Asynchronous Clear Signal     ; On                 ; On                 ;
; Pre-Mapping Resynthesis Optimization                             ; Off                ; Off                ;
; Analysis & Synthesis Message Level                               ; Medium             ; Medium             ;
; Disable Register Merging Across Hierarchies                      ; Auto               ; Auto               ;
; Resource Aware Inference For Block RAM                           ; On                 ; On                 ;
+------------------------------------------------------------------+--------------------+--------------------+


+------------------------------------------+
; Parallel Compilation                     ;
+----------------------------+-------------+
; Processors                 ; Number      ;
+----------------------------+-------------+
; Number detected on machine ; 12          ;
; Maximum allowed            ; 12          ;
;                            ;             ;
; Average used               ; 1.00        ;
; Maximum used               ; 1           ;
;                            ;             ;
; Usage by Processor         ; % Time Used ;
;     Processor 1            ; 100.0%      ;
+----------------------------+-------------+


+------------------------------------------------------------------------------------------------------------------------------------------------------------------------+
; Analysis & Synthesis Source Files Read                                                                                                                                 ;
+----------------------------------+-----------------+------------------------------+--------------------------------------------------------------------------+---------+
; File Name with User-Entered Path ; Used in Netlist ; File Type                    ; File Name with Absolute Path                                             ; Library ;
+----------------------------------+-----------------+------------------------------+--------------------------------------------------------------------------+---------+
; xxgp.sv                          ; yes             ; User SystemVerilog HDL File  ; C:/Users/panda/Documents/ece texts books/ece 469/ECE469/lab2/xxgp.sv     ;         ;
; xgp.sv                           ; yes             ; User SystemVerilog HDL File  ; C:/Users/panda/Documents/ece texts books/ece 469/ECE469/lab2/xgp.sv      ;         ;
; sum_bird.sv                      ; yes             ; User SystemVerilog HDL File  ; C:/Users/panda/Documents/ece texts books/ece 469/ECE469/lab2/sum_bird.sv ;         ;
; king.sv                          ; yes             ; User SystemVerilog HDL File  ; C:/Users/panda/Documents/ece texts books/ece 469/ECE469/lab2/king.sv     ;         ;
; jester.sv                        ; yes             ; User SystemVerilog HDL File  ; C:/Users/panda/Documents/ece texts books/ece 469/ECE469/lab2/jester.sv   ;         ;
; dif_bird.sv                      ; yes             ; User SystemVerilog HDL File  ; C:/Users/panda/Documents/ece texts books/ece 469/ECE469/lab2/dif_bird.sv ;         ;
; carry.sv                         ; yes             ; User SystemVerilog HDL File  ; C:/Users/panda/Documents/ece texts books/ece 469/ECE469/lab2/carry.sv    ;         ;
; all_gp.sv                        ; yes             ; User SystemVerilog HDL File  ; C:/Users/panda/Documents/ece texts books/ece 469/ECE469/lab2/all_gp.sv   ;         ;
+----------------------------------+-----------------+------------------------------+--------------------------------------------------------------------------+---------+


+----------------------------------------------------------+
; Analysis & Synthesis Resource Usage Summary              ;
+---------------------------------------------+------------+
; Resource                                    ; Usage      ;
+---------------------------------------------+------------+
; Estimated Total logic elements              ; 87         ;
;                                             ;            ;
; Total combinational functions               ; 87         ;
; Logic element usage by number of LUT inputs ;            ;
;     -- 4 input functions                    ; 33         ;
;     -- 3 input functions                    ; 45         ;
;     -- <=2 input functions                  ; 9          ;
;                                             ;            ;
; Logic elements by mode                      ;            ;
;     -- normal mode                          ; 87         ;
;     -- arithmetic mode                      ; 0          ;
;                                             ;            ;
; Total registers                             ; 0          ;
;     -- Dedicated logic registers            ; 0          ;
;     -- I/O registers                        ; 0          ;
;                                             ;            ;
; I/O pins                                    ; 99         ;
;                                             ;            ;
; Embedded Multiplier 9-bit elements          ; 0          ;
;                                             ;            ;
; Maximum fan-out node                        ; A[0]~input ;
; Maximum fan-out                             ; 8          ;
; Total fan-out                               ; 447        ;
; Average fan-out                             ; 1.57       ;
+---------------------------------------------+------------+


+----------------------------------------------------------------------------------------------------------------------------------------------------------------------------------------------------------------------------------------------------------------------+
; Analysis & Synthesis Resource Utilization by Entity                                                                                                                                                                                                                  ;
+----------------------------+---------------------+---------------------------+-------------+------------+--------------+---------+-----------+------+--------------+------------+-------------------------------------------------------+-------------+--------------+
; Compilation Hierarchy Node ; Combinational ALUTs ; Dedicated Logic Registers ; Memory Bits ; UFM Blocks ; DSP Elements ; DSP 9x9 ; DSP 18x18 ; Pins ; Virtual Pins ; ADC blocks ; Full Hierarchy Name                                   ; Entity Name ; Library Name ;
+----------------------------+---------------------+---------------------------+-------------+------------+--------------+---------+-----------+------+--------------+------------+-------------------------------------------------------+-------------+--------------+
; |jester                    ; 87 (0)              ; 0 (0)                     ; 0           ; 0          ; 0            ; 0       ; 0         ; 99   ; 0            ; 0          ; |jester                                               ; jester      ; work         ;
;    |king:dut|              ; 87 (0)              ; 0 (0)                     ; 0           ; 0          ; 0            ; 0       ; 0         ; 0    ; 0            ; 0          ; |jester|king:dut                                      ; king        ; work         ;
;       |dif_bird:dut2|      ; 39 (15)             ; 0 (0)                     ; 0           ; 0          ; 0            ; 0       ; 0         ; 0    ; 0            ; 0          ; |jester|king:dut|dif_bird:dut2                        ; dif_bird    ; work         ;
;          |all_gp:dave|     ; 1 (0)               ; 0 (0)                     ; 0           ; 0          ; 0            ; 0       ; 0         ; 0    ; 0            ; 0          ; |jester|king:dut|dif_bird:dut2|all_gp:dave            ; all_gp      ; work         ;
;             |xgp:gp0|      ; 1 (1)               ; 0 (0)                     ; 0           ; 0          ; 0            ; 0       ; 0         ; 0    ; 0            ; 0          ; |jester|king:dut|dif_bird:dut2|all_gp:dave|xgp:gp0    ; xgp         ; work         ;
;          |carryy:c10|      ; 2 (2)               ; 0 (0)                     ; 0           ; 0          ; 0            ; 0       ; 0         ; 0    ; 0            ; 0          ; |jester|king:dut|dif_bird:dut2|carryy:c10             ; carryy      ; work         ;
;          |carryy:c11|      ; 1 (1)               ; 0 (0)                     ; 0           ; 0          ; 0            ; 0       ; 0         ; 0    ; 0            ; 0          ; |jester|king:dut|dif_bird:dut2|carryy:c11             ; carryy      ; work         ;
;          |carryy:c12|      ; 3 (3)               ; 0 (0)                     ; 0           ; 0          ; 0            ; 0       ; 0         ; 0    ; 0            ; 0          ; |jester|king:dut|dif_bird:dut2|carryy:c12             ; carryy      ; work         ;
;          |carryy:c13|      ; 1 (1)               ; 0 (0)                     ; 0           ; 0          ; 0            ; 0       ; 0         ; 0    ; 0            ; 0          ; |jester|king:dut|dif_bird:dut2|carryy:c13             ; carryy      ; work         ;
;          |carryy:c14|      ; 2 (2)               ; 0 (0)                     ; 0           ; 0          ; 0            ; 0       ; 0         ; 0    ; 0            ; 0          ; |jester|king:dut|dif_bird:dut2|carryy:c14             ; carryy      ; work         ;
;          |carryy:c15|      ; 1 (1)               ; 0 (0)                     ; 0           ; 0          ; 0            ; 0       ; 0         ; 0    ; 0            ; 0          ; |jester|king:dut|dif_bird:dut2|carryy:c15             ; carryy      ; work         ;
;          |carryy:c2|       ; 1 (1)               ; 0 (0)                     ; 0           ; 0          ; 0            ; 0       ; 0         ; 0    ; 0            ; 0          ; |jester|king:dut|dif_bird:dut2|carryy:c2              ; carryy      ; work         ;
;          |carryy:c3|       ; 2 (2)               ; 0 (0)                     ; 0           ; 0          ; 0            ; 0       ; 0         ; 0    ; 0            ; 0          ; |jester|king:dut|dif_bird:dut2|carryy:c3              ; carryy      ; work         ;
;          |carryy:c4|       ; 1 (1)               ; 0 (0)                     ; 0           ; 0          ; 0            ; 0       ; 0         ; 0    ; 0            ; 0          ; |jester|king:dut|dif_bird:dut2|carryy:c4              ; carryy      ; work         ;
;          |carryy:c5|       ; 3 (3)               ; 0 (0)                     ; 0           ; 0          ; 0            ; 0       ; 0         ; 0    ; 0            ; 0          ; |jester|king:dut|dif_bird:dut2|carryy:c5              ; carryy      ; work         ;
;          |carryy:c6|       ; 2 (2)               ; 0 (0)                     ; 0           ; 0          ; 0            ; 0       ; 0         ; 0    ; 0            ; 0          ; |jester|king:dut|dif_bird:dut2|carryy:c6              ; carryy      ; work         ;
;          |carryy:c7|       ; 1 (1)               ; 0 (0)                     ; 0           ; 0          ; 0            ; 0       ; 0         ; 0    ; 0            ; 0          ; |jester|king:dut|dif_bird:dut2|carryy:c7              ; carryy      ; work         ;
;          |carryy:c8|       ; 1 (1)               ; 0 (0)                     ; 0           ; 0          ; 0            ; 0       ; 0         ; 0    ; 0            ; 0          ; |jester|king:dut|dif_bird:dut2|carryy:c8              ; carryy      ; work         ;
;          |carryy:c9|       ; 2 (2)               ; 0 (0)                     ; 0           ; 0          ; 0            ; 0       ; 0         ; 0    ; 0            ; 0          ; |jester|king:dut|dif_bird:dut2|carryy:c9              ; carryy      ; work         ;
;       |sum_bird:dut|       ; 48 (16)             ; 0 (0)                     ; 0           ; 0          ; 0            ; 0       ; 0         ; 0    ; 0            ; 0          ; |jester|king:dut|sum_bird:dut                         ; sum_bird    ; work         ;
;          |all_gp:dave|     ; 15 (0)              ; 0 (0)                     ; 0           ; 0          ; 0            ; 0       ; 0         ; 0    ; 0            ; 0          ; |jester|king:dut|sum_bird:dut|all_gp:dave             ; all_gp      ; work         ;
;             |xgp:gp0|      ; 1 (1)               ; 0 (0)                     ; 0           ; 0          ; 0            ; 0       ; 0         ; 0    ; 0            ; 0          ; |jester|king:dut|sum_bird:dut|all_gp:dave|xgp:gp0     ; xgp         ; work         ;
;             |xxgp:gpp0|    ; 1 (1)               ; 0 (0)                     ; 0           ; 0          ; 0            ; 0       ; 0         ; 0    ; 0            ; 0          ; |jester|king:dut|sum_bird:dut|all_gp:dave|xxgp:gpp0   ; xxgp        ; work         ;
;             |xxgp:gpp2|    ; 2 (2)               ; 0 (0)                     ; 0           ; 0          ; 0            ; 0       ; 0         ; 0    ; 0            ; 0          ; |jester|king:dut|sum_bird:dut|all_gp:dave|xxgp:gpp2   ; xxgp        ; work         ;
;             |xxgp:gpp3|    ; 2 (2)               ; 0 (0)                     ; 0           ; 0          ; 0            ; 0       ; 0         ; 0    ; 0            ; 0          ; |jester|king:dut|sum_bird:dut|all_gp:dave|xxgp:gpp3   ; xxgp        ; work         ;
;             |xxgp:gpp4|    ; 1 (1)               ; 0 (0)                     ; 0           ; 0          ; 0            ; 0       ; 0         ; 0    ; 0            ; 0          ; |jester|king:dut|sum_bird:dut|all_gp:dave|xxgp:gpp4   ; xxgp        ; work         ;
;             |xxgp:gpp6|    ; 1 (1)               ; 0 (0)                     ; 0           ; 0          ; 0            ; 0       ; 0         ; 0    ; 0            ; 0          ; |jester|king:dut|sum_bird:dut|all_gp:dave|xxgp:gpp6   ; xxgp        ; work         ;
;             |xxgp:gppp0|   ; 2 (2)               ; 0 (0)                     ; 0           ; 0          ; 0            ; 0       ; 0         ; 0    ; 0            ; 0          ; |jester|king:dut|sum_bird:dut|all_gp:dave|xxgp:gppp0  ; xxgp        ; work         ;
;             |xxgp:gppp1|   ; 1 (1)               ; 0 (0)                     ; 0           ; 0          ; 0            ; 0       ; 0         ; 0    ; 0            ; 0          ; |jester|king:dut|sum_bird:dut|all_gp:dave|xxgp:gppp1  ; xxgp        ; work         ;
;             |xxgp:gppp2|   ; 2 (2)               ; 0 (0)                     ; 0           ; 0          ; 0            ; 0       ; 0         ; 0    ; 0            ; 0          ; |jester|king:dut|sum_bird:dut|all_gp:dave|xxgp:gppp2  ; xxgp        ; work         ;
;             |xxgp:gpppp0|  ; 2 (2)               ; 0 (0)                     ; 0           ; 0          ; 0            ; 0       ; 0         ; 0    ; 0            ; 0          ; |jester|king:dut|sum_bird:dut|all_gp:dave|xxgp:gpppp0 ; xxgp        ; work         ;
;          |carryy:c10|      ; 3 (3)               ; 0 (0)                     ; 0           ; 0          ; 0            ; 0       ; 0         ; 0    ; 0            ; 0          ; |jester|king:dut|sum_bird:dut|carryy:c10              ; carryy      ; work         ;
;          |carryy:c11|      ; 1 (1)               ; 0 (0)                     ; 0           ; 0          ; 0            ; 0       ; 0         ; 0    ; 0            ; 0          ; |jester|king:dut|sum_bird:dut|carryy:c11              ; carryy      ; work         ;
;          |carryy:c12|      ; 2 (2)               ; 0 (0)                     ; 0           ; 0          ; 0            ; 0       ; 0         ; 0    ; 0            ; 0          ; |jester|king:dut|sum_bird:dut|carryy:c12              ; carryy      ; work         ;
;          |carryy:c13|      ; 1 (1)               ; 0 (0)                     ; 0           ; 0          ; 0            ; 0       ; 0         ; 0    ; 0            ; 0          ; |jester|king:dut|sum_bird:dut|carryy:c13              ; carryy      ; work         ;
;          |carryy:c14|      ; 3 (3)               ; 0 (0)                     ; 0           ; 0          ; 0            ; 0       ; 0         ; 0    ; 0            ; 0          ; |jester|king:dut|sum_bird:dut|carryy:c14              ; carryy      ; work         ;
;          |carryy:c15|      ; 1 (1)               ; 0 (0)                     ; 0           ; 0          ; 0            ; 0       ; 0         ; 0    ; 0            ; 0          ; |jester|king:dut|sum_bird:dut|carryy:c15              ; carryy      ; work         ;
;          |carryy:c3|       ; 1 (1)               ; 0 (0)                     ; 0           ; 0          ; 0            ; 0       ; 0         ; 0    ; 0            ; 0          ; |jester|king:dut|sum_bird:dut|carryy:c3               ; carryy      ; work         ;
;          |carryy:c5|       ; 1 (1)               ; 0 (0)                     ; 0           ; 0          ; 0            ; 0       ; 0         ; 0    ; 0            ; 0          ; |jester|king:dut|sum_bird:dut|carryy:c5               ; carryy      ; work         ;
;          |carryy:c6|       ; 2 (2)               ; 0 (0)                     ; 0           ; 0          ; 0            ; 0       ; 0         ; 0    ; 0            ; 0          ; |jester|king:dut|sum_bird:dut|carryy:c6               ; carryy      ; work         ;
;          |carryy:c7|       ; 1 (1)               ; 0 (0)                     ; 0           ; 0          ; 0            ; 0       ; 0         ; 0    ; 0            ; 0          ; |jester|king:dut|sum_bird:dut|carryy:c7               ; carryy      ; work         ;
;          |carryy:c9|       ; 1 (1)               ; 0 (0)                     ; 0           ; 0          ; 0            ; 0       ; 0         ; 0    ; 0            ; 0          ; |jester|king:dut|sum_bird:dut|carryy:c9               ; carryy      ; work         ;
+----------------------------+---------------------+---------------------------+-------------+------------+--------------+---------+-----------+------+--------------+------------+-------------------------------------------------------+-------------+--------------+
Note: For table entries with two numbers listed, the numbers in parentheses indicate the number of resources of the given type used by the specific entity alone. The numbers listed outside of parentheses indicate the total resources of the given type used by the specific entity and all of its sub-entities in the hierarchy.


+------------------------------------------------------+
; General Register Statistics                          ;
+----------------------------------------------+-------+
; Statistic                                    ; Value ;
+----------------------------------------------+-------+
; Total registers                              ; 0     ;
; Number of registers using Synchronous Clear  ; 0     ;
; Number of registers using Synchronous Load   ; 0     ;
; Number of registers using Asynchronous Clear ; 0     ;
; Number of registers using Asynchronous Load  ; 0     ;
; Number of registers using Clock Enable       ; 0     ;
; Number of registers using Preset             ; 0     ;
+----------------------------------------------+-------+


+--------------------------------------------------------------------------------------------------------------------+
; Port Connectivity Checks: "king:dut|dif_bird:dut2|all_gp:dave"                                                     ;
+----------+--------+----------+-------------------------------------------------------------------------------------+
; Port     ; Type   ; Severity ; Details                                                                             ;
+----------+--------+----------+-------------------------------------------------------------------------------------+
; g[5..3]  ; Output ; Info     ; Connected to dangling logic. Logic that only feeds a dangling port will be removed. ;
; g[15]    ; Output ; Info     ; Connected to dangling logic. Logic that only feeds a dangling port will be removed. ;
; g[13]    ; Output ; Info     ; Connected to dangling logic. Logic that only feeds a dangling port will be removed. ;
; g[11]    ; Output ; Info     ; Connected to dangling logic. Logic that only feeds a dangling port will be removed. ;
; g[9]     ; Output ; Info     ; Connected to dangling logic. Logic that only feeds a dangling port will be removed. ;
; g[7]     ; Output ; Info     ; Connected to dangling logic. Logic that only feeds a dangling port will be removed. ;
; g[1]     ; Output ; Info     ; Connected to dangling logic. Logic that only feeds a dangling port will be removed. ;
; p[15]    ; Output ; Info     ; Connected to dangling logic. Logic that only feeds a dangling port will be removed. ;
; p[13]    ; Output ; Info     ; Connected to dangling logic. Logic that only feeds a dangling port will be removed. ;
; p[11]    ; Output ; Info     ; Connected to dangling logic. Logic that only feeds a dangling port will be removed. ;
; p[9]     ; Output ; Info     ; Connected to dangling logic. Logic that only feeds a dangling port will be removed. ;
; p[7]     ; Output ; Info     ; Connected to dangling logic. Logic that only feeds a dangling port will be removed. ;
; p[5]     ; Output ; Info     ; Connected to dangling logic. Logic that only feeds a dangling port will be removed. ;
; p[3]     ; Output ; Info     ; Connected to dangling logic. Logic that only feeds a dangling port will be removed. ;
; p[1]     ; Output ; Info     ; Connected to dangling logic. Logic that only feeds a dangling port will be removed. ;
; g1[7]    ; Output ; Info     ; Connected to dangling logic. Logic that only feeds a dangling port will be removed. ;
; g1[5]    ; Output ; Info     ; Connected to dangling logic. Logic that only feeds a dangling port will be removed. ;
; g1[3]    ; Output ; Info     ; Connected to dangling logic. Logic that only feeds a dangling port will be removed. ;
; g1[1]    ; Output ; Info     ; Connected to dangling logic. Logic that only feeds a dangling port will be removed. ;
; p1[7]    ; Output ; Info     ; Connected to dangling logic. Logic that only feeds a dangling port will be removed. ;
; p1[5]    ; Output ; Info     ; Connected to dangling logic. Logic that only feeds a dangling port will be removed. ;
; p1[3]    ; Output ; Info     ; Connected to dangling logic. Logic that only feeds a dangling port will be removed. ;
; p1[1]    ; Output ; Info     ; Connected to dangling logic. Logic that only feeds a dangling port will be removed. ;
; g2[3]    ; Output ; Info     ; Connected to dangling logic. Logic that only feeds a dangling port will be removed. ;
; g2[1]    ; Output ; Info     ; Connected to dangling logic. Logic that only feeds a dangling port will be removed. ;
; p2[3..1] ; Output ; Info     ; Connected to dangling logic. Logic that only feeds a dangling port will be removed. ;
; g3[1]    ; Output ; Info     ; Connected to dangling logic. Logic that only feeds a dangling port will be removed. ;
; p3[1]    ; Output ; Info     ; Connected to dangling logic. Logic that only feeds a dangling port will be removed. ;
; g4       ; Output ; Info     ; Connected to dangling logic. Logic that only feeds a dangling port will be removed. ;
; p4       ; Output ; Info     ; Connected to dangling logic. Logic that only feeds a dangling port will be removed. ;
+----------+--------+----------+-------------------------------------------------------------------------------------+


+---------------------------------------------------------------------------------------------------------------------------------------+
; Port Connectivity Checks: "king:dut|dif_bird:dut2"                                                                                    ;
+--------+--------+----------+----------------------------------------------------------------------------------------------------------+
; Port   ; Type   ; Severity ; Details                                                                                                  ;
+--------+--------+----------+----------------------------------------------------------------------------------------------------------+
; of_dif ; Output ; Warning  ; Declared by entity but not connected by instance. Logic that only feeds a dangling port will be removed. ;
+--------+--------+----------+----------------------------------------------------------------------------------------------------------+


+--------------------------------------------------------------------------------------------------------------------+
; Port Connectivity Checks: "king:dut|sum_bird:dut|all_gp:dave"                                                      ;
+----------+--------+----------+-------------------------------------------------------------------------------------+
; Port     ; Type   ; Severity ; Details                                                                             ;
+----------+--------+----------+-------------------------------------------------------------------------------------+
; g[5..3]  ; Output ; Info     ; Connected to dangling logic. Logic that only feeds a dangling port will be removed. ;
; g[15]    ; Output ; Info     ; Connected to dangling logic. Logic that only feeds a dangling port will be removed. ;
; g[13]    ; Output ; Info     ; Connected to dangling logic. Logic that only feeds a dangling port will be removed. ;
; g[11]    ; Output ; Info     ; Connected to dangling logic. Logic that only feeds a dangling port will be removed. ;
; g[9]     ; Output ; Info     ; Connected to dangling logic. Logic that only feeds a dangling port will be removed. ;
; g[7]     ; Output ; Info     ; Connected to dangling logic. Logic that only feeds a dangling port will be removed. ;
; g[1]     ; Output ; Info     ; Connected to dangling logic. Logic that only feeds a dangling port will be removed. ;
; p[15]    ; Output ; Info     ; Connected to dangling logic. Logic that only feeds a dangling port will be removed. ;
; p[13]    ; Output ; Info     ; Connected to dangling logic. Logic that only feeds a dangling port will be removed. ;
; p[11]    ; Output ; Info     ; Connected to dangling logic. Logic that only feeds a dangling port will be removed. ;
; p[9]     ; Output ; Info     ; Connected to dangling logic. Logic that only feeds a dangling port will be removed. ;
; p[7]     ; Output ; Info     ; Connected to dangling logic. Logic that only feeds a dangling port will be removed. ;
; p[5]     ; Output ; Info     ; Connected to dangling logic. Logic that only feeds a dangling port will be removed. ;
; p[3]     ; Output ; Info     ; Connected to dangling logic. Logic that only feeds a dangling port will be removed. ;
; p[1]     ; Output ; Info     ; Connected to dangling logic. Logic that only feeds a dangling port will be removed. ;
; g1[7]    ; Output ; Info     ; Connected to dangling logic. Logic that only feeds a dangling port will be removed. ;
; g1[5]    ; Output ; Info     ; Connected to dangling logic. Logic that only feeds a dangling port will be removed. ;
; g1[3]    ; Output ; Info     ; Connected to dangling logic. Logic that only feeds a dangling port will be removed. ;
; g1[1]    ; Output ; Info     ; Connected to dangling logic. Logic that only feeds a dangling port will be removed. ;
; p1[7]    ; Output ; Info     ; Connected to dangling logic. Logic that only feeds a dangling port will be removed. ;
; p1[5]    ; Output ; Info     ; Connected to dangling logic. Logic that only feeds a dangling port will be removed. ;
; p1[3]    ; Output ; Info     ; Connected to dangling logic. Logic that only feeds a dangling port will be removed. ;
; p1[1]    ; Output ; Info     ; Connected to dangling logic. Logic that only feeds a dangling port will be removed. ;
; g2[3]    ; Output ; Info     ; Connected to dangling logic. Logic that only feeds a dangling port will be removed. ;
; g2[1]    ; Output ; Info     ; Connected to dangling logic. Logic that only feeds a dangling port will be removed. ;
; p2[3..1] ; Output ; Info     ; Connected to dangling logic. Logic that only feeds a dangling port will be removed. ;
; g3[1]    ; Output ; Info     ; Connected to dangling logic. Logic that only feeds a dangling port will be removed. ;
; p3[1]    ; Output ; Info     ; Connected to dangling logic. Logic that only feeds a dangling port will be removed. ;
; g4       ; Output ; Info     ; Connected to dangling logic. Logic that only feeds a dangling port will be removed. ;
; p4       ; Output ; Info     ; Connected to dangling logic. Logic that only feeds a dangling port will be removed. ;
+----------+--------+----------+-------------------------------------------------------------------------------------+


+---------------------------------------------------------------------------------------------------------------------------------------+
; Port Connectivity Checks: "king:dut|sum_bird:dut"                                                                                     ;
+--------+--------+----------+----------------------------------------------------------------------------------------------------------+
; Port   ; Type   ; Severity ; Details                                                                                                  ;
+--------+--------+----------+----------------------------------------------------------------------------------------------------------+
; of_sum ; Output ; Warning  ; Declared by entity but not connected by instance. Logic that only feeds a dangling port will be removed. ;
+--------+--------+----------+----------------------------------------------------------------------------------------------------------+


+-----------------------------------------------------+
; Post-Synthesis Netlist Statistics for Top Partition ;
+-----------------------+-----------------------------+
; Type                  ; Count                       ;
+-----------------------+-----------------------------+
; boundary_port         ; 99                          ;
; cycloneiii_lcell_comb ; 104                         ;
;     normal            ; 104                         ;
;         0 data inputs ; 2                           ;
;         1 data inputs ; 15                          ;
;         2 data inputs ; 9                           ;
;         3 data inputs ; 45                          ;
;         4 data inputs ; 33                          ;
;                       ;                             ;
; Max LUT depth         ; 12.00                       ;
; Average LUT depth     ; 7.39                        ;
+-----------------------+-----------------------------+


+-------------------------------+
; Elapsed Time Per Partition    ;
+----------------+--------------+
; Partition Name ; Elapsed Time ;
+----------------+--------------+
; Top            ; 00:00:00     ;
+----------------+--------------+


+-------------------------------+
; Analysis & Synthesis Messages ;
+-------------------------------+
Info: *******************************************************************
Info: Running Quartus Prime Analysis & Synthesis
    Info: Version 23.1std.1 Build 993 05/14/2024 SC Lite Edition
    Info: Processing started: Wed Jan 29 23:09:31 2025
Info: Command: quartus_map --read_settings_files=on --write_settings_files=off lab2 -c lab2
Warning (18236): Number of processors has not been specified which may cause overloading on shared machines.  Set the global assignment NUM_PARALLEL_PROCESSORS in your QSF to an appropriate value for best performance.
Info (20030): Parallel compilation is enabled and will use 12 of the 12 processors detected
Info (12021): Found 1 design units, including 1 entities, in source file xxgp.sv
    Info (12023): Found entity 1: xxgp File: C:/Users/panda/Documents/ece texts books/ece 469/ECE469/lab2/xxgp.sv Line: 1
Info (12021): Found 1 design units, including 1 entities, in source file xgp.sv
    Info (12023): Found entity 1: xgp File: C:/Users/panda/Documents/ece texts books/ece 469/ECE469/lab2/xgp.sv Line: 1
Info (12021): Found 1 design units, including 1 entities, in source file sum_bird.sv
    Info (12023): Found entity 1: sum_bird File: C:/Users/panda/Documents/ece texts books/ece 469/ECE469/lab2/sum_bird.sv Line: 1
Info (12021): Found 1 design units, including 1 entities, in source file king.sv
    Info (12023): Found entity 1: king File: C:/Users/panda/Documents/ece texts books/ece 469/ECE469/lab2/king.sv Line: 1
Info (12021): Found 1 design units, including 1 entities, in source file jester.sv
    Info (12023): Found entity 1: jester File: C:/Users/panda/Documents/ece texts books/ece 469/ECE469/lab2/jester.sv Line: 1
Info (12021): Found 1 design units, including 1 entities, in source file dif_bird.sv
    Info (12023): Found entity 1: dif_bird File: C:/Users/panda/Documents/ece texts books/ece 469/ECE469/lab2/dif_bird.sv Line: 1
Info (12021): Found 1 design units, including 1 entities, in source file carry.sv
    Info (12023): Found entity 1: carryy File: C:/Users/panda/Documents/ece texts books/ece 469/ECE469/lab2/carry.sv Line: 1
Info (12021): Found 1 design units, including 1 entities, in source file all_gp.sv
    Info (12023): Found entity 1: all_gp File: C:/Users/panda/Documents/ece texts books/ece 469/ECE469/lab2/all_gp.sv Line: 1
Info (12127): Elaborating entity "jester" for the top level hierarchy
Info (12128): Elaborating entity "king" for hierarchy "king:dut" File: C:/Users/panda/Documents/ece texts books/ece 469/ECE469/lab2/jester.sv Line: 10
Warning (10030): Net "of_dif" at king.sv(6) has no driver or initial value, using a default initial value '0' File: C:/Users/panda/Documents/ece texts books/ece 469/ECE469/lab2/king.sv Line: 6
Warning (10034): Output port "of_sum" at king.sv(6) has no driver File: C:/Users/panda/Documents/ece texts books/ece 469/ECE469/lab2/king.sv Line: 6
Info (12128): Elaborating entity "sum_bird" for hierarchy "king:dut|sum_bird:dut" File: C:/Users/panda/Documents/ece texts books/ece 469/ECE469/lab2/king.sv Line: 10
Info (12128): Elaborating entity "all_gp" for hierarchy "king:dut|sum_bird:dut|all_gp:dave" File: C:/Users/panda/Documents/ece texts books/ece 469/ECE469/lab2/sum_bird.sv Line: 18
Info (12128): Elaborating entity "xgp" for hierarchy "king:dut|sum_bird:dut|all_gp:dave|xgp:gp0" File: C:/Users/panda/Documents/ece texts books/ece 469/ECE469/lab2/all_gp.sv Line: 14
Info (12128): Elaborating entity "xxgp" for hierarchy "king:dut|sum_bird:dut|all_gp:dave|xxgp:gpp0" File: C:/Users/panda/Documents/ece texts books/ece 469/ECE469/lab2/all_gp.sv Line: 48
Info (12128): Elaborating entity "carryy" for hierarchy "king:dut|sum_bird:dut|carryy:c1" File: C:/Users/panda/Documents/ece texts books/ece 469/ECE469/lab2/sum_bird.sv Line: 26
Info (12128): Elaborating entity "dif_bird" for hierarchy "king:dut|dif_bird:dut2" File: C:/Users/panda/Documents/ece texts books/ece 469/ECE469/lab2/king.sv Line: 11
Warning (12241): 2 hierarchies have connectivity warnings - see the Connectivity Checks report folder
Warning (13024): Output pins are stuck at VCC or GND
    Warning (13410): Pin "sum_cout[0]" is stuck at GND File: C:/Users/panda/Documents/ece texts books/ece 469/ECE469/lab2/jester.sv Line: 5
    Warning (13410): Pin "dif_cout[0]" is stuck at VCC File: C:/Users/panda/Documents/ece texts books/ece 469/ECE469/lab2/jester.sv Line: 5
    Warning (13410): Pin "of_sum" is stuck at GND File: C:/Users/panda/Documents/ece texts books/ece 469/ECE469/lab2/jester.sv Line: 6
    Warning (13410): Pin "of_dif" is stuck at GND File: C:/Users/panda/Documents/ece texts books/ece 469/ECE469/lab2/jester.sv Line: 6
Info (286030): Timing-Driven Synthesis is running
Info (144001): Generated suppressed messages file C:/Users/panda/Documents/ece texts books/ece 469/ECE469/lab2/output_files/lab2.map.smsg
Info (16010): Generating hard_block partition "hard_block:auto_generated_inst"
    Info (16011): Adding 0 node(s), including 0 DDIO, 0 PLL, 0 transceiver and 0 LCELL
Info (21057): Implemented 186 device resources after synthesis - the final resource count might be different
    Info (21058): Implemented 32 input pins
    Info (21059): Implemented 67 output pins
    Info (21061): Implemented 87 logic cells
Info: Quartus Prime Analysis & Synthesis was successful. 0 errors, 9 warnings
    Info: Peak virtual memory: 4777 megabytes
    Info: Processing ended: Wed Jan 29 23:09:38 2025
    Info: Elapsed time: 00:00:07
    Info: Total CPU time (on all processors): 00:00:14


+------------------------------------------+
; Analysis & Synthesis Suppressed Messages ;
+------------------------------------------+
The suppressed messages can be found in C:/Users/panda/Documents/ece texts books/ece 469/ECE469/lab2/output_files/lab2.map.smsg.


